[2025-08-09 14:05:36] 監視ワーカー起動
[2025-08-09 14:05:36] [DEBUG] targetTimes URL: https://www.jma.go.jp/bosai/jmatile/data/nowc/targetTimes_N1.json
[2025-08-09 14:05:36] 予測オフセット: 60 分先を参照
[2025-08-09 14:05:36] 現在時刻(JST): 2025-08-09 14:05:36
[2025-08-09 14:05:36] 選択データ: basetime=20250809050000, validtime=20250809050000
[2025-08-09 14:05:36] データ時刻(JST推定): 2025-08-09 14:00:00
[2025-08-09 14:05:36] 目標: 2025-08-09 15:05:36 / 時差: 65.6分
[2025-08-09 14:05:36] 座標情報: lat=35.126475, lon=138.911094
[2025-08-09 14:05:36] タイル: zoom=10, x=907, y=405, pixel=(31,42)
[2025-08-09 14:05:36] [DEBUG] 試行URL: https://www.jma.go.jp/bosai/jmatile/data/nowc/20250809050000/none/20250809050000/surf/hrpns/10/907/405.png
[2025-08-09 14:05:36] [DEBUG] 画像サイズ: (256, 256)
[2025-08-09 14:05:36] [DEBUG] 画像モード: P
[2025-08-09 14:05:36] [DEBUG] データサイズ: 733 bytes
[2025-08-09 14:05:36] [DEBUG] 画像を保存: debug_images/tile_20250809_140536.png
[2025-08-09 14:05:36] [DEBUG] アルファ値: min=255, max=255, 非ゼロピクセル数=10980
[2025-08-09 14:05:36] [DEBUG] パレットインデックス(step)=1
[2025-08-09 14:05:36] 降水強度: step=1 → 1 mm/h
[2025-08-09 14:05:36] 確認用URL: https://www.jma.go.jp/bosai/nowc/#zoom:10/lat:35.126474871810345/lon:138.91109391000256/colordepth:normal/elements:hrpns
[2025-08-09 14:05:36] 現在時刻(JST): 2025-08-09 14:05:36
[2025-08-09 14:05:36] 選択データ: basetime=20250809050000, validtime=20250809050000
[2025-08-09 14:05:36] データ時刻(JST推定): 2025-08-09 14:00:00
[2025-08-09 14:05:36] 目標: 2025-08-09 14:05:36 / 時差: 5.6分
[2025-08-09 14:05:36] 座標情報: lat=35.126475, lon=138.911094
[2025-08-09 14:05:36] タイル: zoom=10, x=907, y=405, pixel=(31,42)
[2025-08-09 14:05:36] [DEBUG] 試行URL: https://www.jma.go.jp/bosai/jmatile/data/nowc/20250809050000/none/20250809050000/surf/hrpns/10/907/405.png
[2025-08-09 14:05:36] [DEBUG] 画像サイズ: (256, 256)
[2025-08-09 14:05:36] [DEBUG] 画像モード: P
[2025-08-09 14:05:36] [DEBUG] データサイズ: 733 bytes
[2025-08-09 14:05:36] [DEBUG] 画像を保存: debug_images/tile_20250809_140536.png
[2025-08-09 14:05:36] [DEBUG] アルファ値: min=255, max=255, 非ゼロピクセル数=10980
[2025-08-09 14:05:36] [DEBUG] パレットインデックス(step)=1
[2025-08-09 14:05:36] 降水強度: step=1 → 1 mm/h
[2025-08-09 14:05:36] 確認用URL: https://www.jma.go.jp/bosai/nowc/#zoom:10/lat:35.126474871810345/lon:138.91109391000256/colordepth:normal/elements:hrpns
[2025-08-09 14:05:36] 現在時刻(JST): 2025-08-09 14:05:36
[2025-08-09 14:05:36] 選択データ: basetime=20250809050000, validtime=20250809050000
[2025-08-09 14:05:36] データ時刻(JST推定): 2025-08-09 14:00:00
[2025-08-09 14:05:36] 目標: 2025-08-09 14:20:36 / 時差: 20.6分
[2025-08-09 14:05:36] 座標情報: lat=35.126475, lon=138.911094
[2025-08-09 14:05:36] タイル: zoom=10, x=907, y=405, pixel=(31,42)
[2025-08-09 14:05:36] [DEBUG] 試行URL: https://www.jma.go.jp/bosai/jmatile/data/nowc/20250809050000/none/20250809050000/surf/hrpns/10/907/405.png
[2025-08-09 14:05:36] [DEBUG] 画像サイズ: (256, 256)
[2025-08-09 14:05:36] [DEBUG] 画像モード: P
[2025-08-09 14:05:36] [DEBUG] データサイズ: 733 bytes
[2025-08-09 14:05:36] [DEBUG] 画像を保存: debug_images/tile_20250809_140536.png
[2025-08-09 14:05:36] [DEBUG] アルファ値: min=255, max=255, 非ゼロピクセル数=10980
[2025-08-09 14:05:36] [DEBUG] パレットインデックス(step)=1
[2025-08-09 14:05:36] 降水強度: step=1 → 1 mm/h
[2025-08-09 14:05:36] 確認用URL: https://www.jma.go.jp/bosai/nowc/#zoom:10/lat:35.126474871810345/lon:138.91109391000256/colordepth:normal/elements:hrpns
[2025-08-09 14:05:36] 現在時刻(JST): 2025-08-09 14:05:36
[2025-08-09 14:05:36] 選択データ: basetime=20250809050000, validtime=20250809050000
[2025-08-09 14:05:36] データ時刻(JST推定): 2025-08-09 14:00:00
[2025-08-09 14:05:36] 目標: 2025-08-09 14:35:36 / 時差: 35.6分
[2025-08-09 14:05:36] 座標情報: lat=35.126475, lon=138.911094
[2025-08-09 14:05:36] タイル: zoom=10, x=907, y=405, pixel=(31,42)
[2025-08-09 14:05:36] [DEBUG] 試行URL: https://www.jma.go.jp/bosai/jmatile/data/nowc/20250809050000/none/20250809050000/surf/hrpns/10/907/405.png
[2025-08-09 14:05:36] [DEBUG] 画像サイズ: (256, 256)
[2025-08-09 14:05:36] [DEBUG] 画像モード: P
[2025-08-09 14:05:36] [DEBUG] データサイズ: 733 bytes
[2025-08-09 14:05:36] [DEBUG] 画像を保存: debug_images/tile_20250809_140536.png
[2025-08-09 14:05:36] [DEBUG] アルファ値: min=255, max=255, 非ゼロピクセル数=10980
[2025-08-09 14:05:36] [DEBUG] パレットインデックス(step)=1
[2025-08-09 14:05:36] 降水強度: step=1 → 1 mm/h
[2025-08-09 14:05:36] 確認用URL: https://www.jma.go.jp/bosai/nowc/#zoom:10/lat:35.126474871810345/lon:138.91109391000256/colordepth:normal/elements:hrpns
[2025-08-09 14:05:36] 現在時刻(JST): 2025-08-09 14:05:36
[2025-08-09 14:05:36] 選択データ: basetime=20250809050000, validtime=20250809050000
[2025-08-09 14:05:36] データ時刻(JST推定): 2025-08-09 14:00:00
[2025-08-09 14:05:36] 目標: 2025-08-09 15:05:36 / 時差: 65.6分
[2025-08-09 14:05:36] 座標情報: lat=35.126475, lon=138.911094
[2025-08-09 14:05:36] タイル: zoom=10, x=907, y=405, pixel=(31,42)
[2025-08-09 14:05:36] [DEBUG] 試行URL: https://www.jma.go.jp/bosai/jmatile/data/nowc/20250809050000/none/20250809050000/surf/hrpns/10/907/405.png
[2025-08-09 14:05:36] [DEBUG] 画像サイズ: (256, 256)
[2025-08-09 14:05:36] [DEBUG] 画像モード: P
[2025-08-09 14:05:36] [DEBUG] データサイズ: 733 bytes
[2025-08-09 14:05:36] [DEBUG] 画像を保存: debug_images/tile_20250809_140536.png
[2025-08-09 14:05:36] [DEBUG] アルファ値: min=255, max=255, 非ゼロピクセル数=10980
[2025-08-09 14:05:36] [DEBUG] パレットインデックス(step)=1
[2025-08-09 14:05:36] 降水強度: step=1 → 1 mm/h
[2025-08-09 14:05:36] 確認用URL: https://www.jma.go.jp/bosai/nowc/#zoom:10/lat:35.126474871810345/lon:138.91109391000256/colordepth:normal/elements:hrpns
[2025-08-09 14:05:36] 【地点: 三島駅】時刻別降水量: 現在 1.0mm/h(14:00), 15分後 1.0mm/h(14:00), 30分後 1.0mm/h(14:00), 60分後 1.0mm/h(14:00)
[2025-08-09 14:05:36] [三島駅] タイルURL: https://www.jma.go.jp/bosai/jmatile/data/nowc/20250809050000/none/20250809050000/surf/hrpns/10/907/405.png
[2025-08-09 14:05:36] [三島駅] 降水量 (14:00 JST): 1.0 mm/h
[2025-08-09 14:05:36] [三島駅] 異常なし
[2025-08-09 14:08:36] [DEBUG] targetTimes URL: https://www.jma.go.jp/bosai/jmatile/data/nowc/targetTimes_N1.json
[2025-08-09 14:08:36] 予測オフセット: 60 分先を参照
[2025-08-09 14:08:36] 現在時刻(JST): 2025-08-09 14:08:36
[2025-08-09 14:08:36] 選択データ: basetime=20250809050500, validtime=20250809050500
[2025-08-09 14:08:36] データ時刻(JST推定): 2025-08-09 14:05:00
[2025-08-09 14:08:36] 目標: 2025-08-09 15:08:36 / 時差: 63.6分
[2025-08-09 14:08:36] 座標情報: lat=35.126475, lon=138.911094
[2025-08-09 14:08:36] タイル: zoom=10, x=907, y=405, pixel=(31,42)
[2025-08-09 14:08:36] [DEBUG] 試行URL: https://www.jma.go.jp/bosai/jmatile/data/nowc/20250809050500/none/20250809050500/surf/hrpns/10/907/405.png
[2025-08-09 14:08:36] [DEBUG] 画像サイズ: (256, 256)
[2025-08-09 14:08:36] [DEBUG] 画像モード: P
[2025-08-09 14:08:36] [DEBUG] データサイズ: 686 bytes
[2025-08-09 14:08:36] [DEBUG] 画像を保存: debug_images/tile_20250809_140836.png
[2025-08-09 14:08:36] [DEBUG] アルファ値: min=255, max=255, 非ゼロピクセル数=6014
[2025-08-09 14:08:36] [DEBUG] パレットインデックス(step)=1
[2025-08-09 14:08:36] 降水強度: step=1 → 1 mm/h
[2025-08-09 14:08:36] 確認用URL: https://www.jma.go.jp/bosai/nowc/#zoom:10/lat:35.126474871810345/lon:138.91109391000256/colordepth:normal/elements:hrpns
[2025-08-09 14:08:36] 現在時刻(JST): 2025-08-09 14:08:36
[2025-08-09 14:08:36] 選択データ: basetime=20250809050500, validtime=20250809050500
[2025-08-09 14:08:36] データ時刻(JST推定): 2025-08-09 14:05:00
[2025-08-09 14:08:36] 目標: 2025-08-09 14:08:36 / 時差: 3.6分
[2025-08-09 14:08:36] 座標情報: lat=35.126475, lon=138.911094
[2025-08-09 14:08:36] タイル: zoom=10, x=907, y=405, pixel=(31,42)
[2025-08-09 14:08:36] [DEBUG] 試行URL: https://www.jma.go.jp/bosai/jmatile/data/nowc/20250809050500/none/20250809050500/surf/hrpns/10/907/405.png
[2025-08-09 14:08:36] [DEBUG] 画像サイズ: (256, 256)
[2025-08-09 14:08:36] [DEBUG] 画像モード: P
[2025-08-09 14:08:36] [DEBUG] データサイズ: 686 bytes
[2025-08-09 14:08:36] [DEBUG] 画像を保存: debug_images/tile_20250809_140836.png
[2025-08-09 14:08:36] [DEBUG] アルファ値: min=255, max=255, 非ゼロピクセル数=6014
[2025-08-09 14:08:36] [DEBUG] パレットインデックス(step)=1
[2025-08-09 14:08:36] 降水強度: step=1 → 1 mm/h
[2025-08-09 14:08:36] 確認用URL: https://www.jma.go.jp/bosai/nowc/#zoom:10/lat:35.126474871810345/lon:138.91109391000256/colordepth:normal/elements:hrpns
[2025-08-09 14:08:36] 現在時刻(JST): 2025-08-09 14:08:36
[2025-08-09 14:08:36] 選択データ: basetime=20250809050500, validtime=20250809050500
[2025-08-09 14:08:36] データ時刻(JST推定): 2025-08-09 14:05:00
[2025-08-09 14:08:36] 目標: 2025-08-09 14:23:36 / 時差: 18.6分
[2025-08-09 14:08:36] 座標情報: lat=35.126475, lon=138.911094
[2025-08-09 14:08:36] タイル: zoom=10, x=907, y=405, pixel=(31,42)
[2025-08-09 14:08:36] [DEBUG] 試行URL: https://www.jma.go.jp/bosai/jmatile/data/nowc/20250809050500/none/20250809050500/surf/hrpns/10/907/405.png
[2025-08-09 14:08:36] [DEBUG] 画像サイズ: (256, 256)
[2025-08-09 14:08:36] [DEBUG] 画像モード: P
[2025-08-09 14:08:36] [DEBUG] データサイズ: 686 bytes
[2025-08-09 14:08:36] [DEBUG] 画像を保存: debug_images/tile_20250809_140836.png
[2025-08-09 14:08:36] [DEBUG] アルファ値: min=255, max=255, 非ゼロピクセル数=6014
[2025-08-09 14:08:36] [DEBUG] パレットインデックス(step)=1
[2025-08-09 14:08:36] 降水強度: step=1 → 1 mm/h
[2025-08-09 14:08:36] 確認用URL: https://www.jma.go.jp/bosai/nowc/#zoom:10/lat:35.126474871810345/lon:138.91109391000256/colordepth:normal/elements:hrpns
[2025-08-09 14:08:36] 現在時刻(JST): 2025-08-09 14:08:36
[2025-08-09 14:08:36] 選択データ: basetime=20250809050500, validtime=20250809050500
[2025-08-09 14:08:36] データ時刻(JST推定): 2025-08-09 14:05:00
[2025-08-09 14:08:36] 目標: 2025-08-09 14:38:36 / 時差: 33.6分
[2025-08-09 14:08:36] 座標情報: lat=35.126475, lon=138.911094
[2025-08-09 14:08:36] タイル: zoom=10, x=907, y=405, pixel=(31,42)
[2025-08-09 14:08:36] [DEBUG] 試行URL: https://www.jma.go.jp/bosai/jmatile/data/nowc/20250809050500/none/20250809050500/surf/hrpns/10/907/405.png
[2025-08-09 14:08:36] [DEBUG] 画像サイズ: (256, 256)
[2025-08-09 14:08:36] [DEBUG] 画像モード: P
[2025-08-09 14:08:36] [DEBUG] データサイズ: 686 bytes
[2025-08-09 14:08:36] [DEBUG] 画像を保存: debug_images/tile_20250809_140836.png
[2025-08-09 14:08:36] [DEBUG] アルファ値: min=255, max=255, 非ゼロピクセル数=6014
[2025-08-09 14:08:36] [DEBUG] パレットインデックス(step)=1
[2025-08-09 14:08:36] 降水強度: step=1 → 1 mm/h
[2025-08-09 14:08:36] 確認用URL: https://www.jma.go.jp/bosai/nowc/#zoom:10/lat:35.126474871810345/lon:138.91109391000256/colordepth:normal/elements:hrpns
[2025-08-09 14:08:37] 現在時刻(JST): 2025-08-09 14:08:37
[2025-08-09 14:08:37] 選択データ: basetime=20250809050500, validtime=20250809050500
[2025-08-09 14:08:37] データ時刻(JST推定): 2025-08-09 14:05:00
[2025-08-09 14:08:37] 目標: 2025-08-09 15:08:37 / 時差: 63.6分
[2025-08-09 14:08:37] 座標情報: lat=35.126475, lon=138.911094
[2025-08-09 14:08:37] タイル: zoom=10, x=907, y=405, pixel=(31,42)
[2025-08-09 14:08:37] [DEBUG] 試行URL: https://www.jma.go.jp/bosai/jmatile/data/nowc/20250809050500/none/20250809050500/surf/hrpns/10/907/405.png
[2025-08-09 14:08:37] [DEBUG] 画像サイズ: (256, 256)
[2025-08-09 14:08:37] [DEBUG] 画像モード: P
[2025-08-09 14:08:37] [DEBUG] データサイズ: 686 bytes
[2025-08-09 14:08:37] [DEBUG] 画像を保存: debug_images/tile_20250809_140837.png
[2025-08-09 14:08:37] [DEBUG] アルファ値: min=255, max=255, 非ゼロピクセル数=6014
[2025-08-09 14:08:37] [DEBUG] パレットインデックス(step)=1
[2025-08-09 14:08:37] 降水強度: step=1 → 1 mm/h
[2025-08-09 14:08:37] 確認用URL: https://www.jma.go.jp/bosai/nowc/#zoom:10/lat:35.126474871810345/lon:138.91109391000256/colordepth:normal/elements:hrpns
[2025-08-09 14:08:37] 【地点: 三島駅】時刻別降水量: 現在 1.0mm/h(14:05), 15分後 1.0mm/h(14:05), 30分後 1.0mm/h(14:05), 60分後 1.0mm/h(14:05)
[2025-08-09 14:08:37] [三島駅] タイルURL: https://www.jma.go.jp/bosai/jmatile/data/nowc/20250809050500/none/20250809050500/surf/hrpns/10/907/405.png
[2025-08-09 14:08:37] [三島駅] 降水量 (14:05 JST): 1.0 mm/h
[2025-08-09 14:08:37] [三島駅] 異常なし
[2025-08-09 14:11:37] [DEBUG] targetTimes URL: https://www.jma.go.jp/bosai/jmatile/data/nowc/targetTimes_N1.json
[2025-08-09 14:11:37] 予測オフセット: 60 分先を参照
[2025-08-09 14:11:37] 現在時刻(JST): 2025-08-09 14:11:37
[2025-08-09 14:11:37] 選択データ: basetime=20250809051000, validtime=20250809051000
[2025-08-09 14:11:37] データ時刻(JST推定): 2025-08-09 14:10:00
[2025-08-09 14:11:37] 目標: 2025-08-09 15:11:37 / 時差: 61.6分
[2025-08-09 14:11:37] 座標情報: lat=35.126475, lon=138.911094
[2025-08-09 14:11:37] タイル: zoom=10, x=907, y=405, pixel=(31,42)
[2025-08-09 14:11:37] [DEBUG] 試行URL: https://www.jma.go.jp/bosai/jmatile/data/nowc/20250809051000/none/20250809051000/surf/hrpns/10/907/405.png
[2025-08-09 14:11:37] [DEBUG] 画像サイズ: (256, 256)
[2025-08-09 14:11:37] [DEBUG] 画像モード: P
[2025-08-09 14:11:37] [DEBUG] データサイズ: 610 bytes
[2025-08-09 14:11:37] [DEBUG] 画像を保存: debug_images/tile_20250809_141137.png
[2025-08-09 14:11:37] [DEBUG] アルファ値: min=255, max=255, 非ゼロピクセル数=2758
[2025-08-09 14:11:37] [DEBUG] パレットインデックス(step)=1
[2025-08-09 14:11:37] 降水強度: step=1 → 1 mm/h
[2025-08-09 14:11:37] 確認用URL: https://www.jma.go.jp/bosai/nowc/#zoom:10/lat:35.126474871810345/lon:138.91109391000256/colordepth:normal/elements:hrpns
[2025-08-09 14:11:37] 現在時刻(JST): 2025-08-09 14:11:37
[2025-08-09 14:11:37] 選択データ: basetime=20250809051000, validtime=20250809051000
[2025-08-09 14:11:37] データ時刻(JST推定): 2025-08-09 14:10:00
[2025-08-09 14:11:37] 目標: 2025-08-09 14:11:37 / 時差: 1.6分
[2025-08-09 14:11:37] 座標情報: lat=35.126475, lon=138.911094
[2025-08-09 14:11:37] タイル: zoom=10, x=907, y=405, pixel=(31,42)
[2025-08-09 14:11:37] [DEBUG] 試行URL: https://www.jma.go.jp/bosai/jmatile/data/nowc/20250809051000/none/20250809051000/surf/hrpns/10/907/405.png
[2025-08-09 14:11:37] [DEBUG] 画像サイズ: (256, 256)
[2025-08-09 14:11:37] [DEBUG] 画像モード: P
[2025-08-09 14:11:37] [DEBUG] データサイズ: 610 bytes
[2025-08-09 14:11:37] [DEBUG] 画像を保存: debug_images/tile_20250809_141137.png
[2025-08-09 14:11:37] [DEBUG] アルファ値: min=255, max=255, 非ゼロピクセル数=2758
[2025-08-09 14:11:37] [DEBUG] パレットインデックス(step)=1
[2025-08-09 14:11:37] 降水強度: step=1 → 1 mm/h
[2025-08-09 14:11:37] 確認用URL: https://www.jma.go.jp/bosai/nowc/#zoom:10/lat:35.126474871810345/lon:138.91109391000256/colordepth:normal/elements:hrpns
[2025-08-09 14:11:37] 現在時刻(JST): 2025-08-09 14:11:37
[2025-08-09 14:11:37] 選択データ: basetime=20250809051000, validtime=20250809051000
[2025-08-09 14:11:37] データ時刻(JST推定): 2025-08-09 14:10:00
[2025-08-09 14:11:37] 目標: 2025-08-09 14:26:37 / 時差: 16.6分
[2025-08-09 14:11:37] 座標情報: lat=35.126475, lon=138.911094
[2025-08-09 14:11:37] タイル: zoom=10, x=907, y=405, pixel=(31,42)
[2025-08-09 14:11:37] [DEBUG] 試行URL: https://www.jma.go.jp/bosai/jmatile/data/nowc/20250809051000/none/20250809051000/surf/hrpns/10/907/405.png
[2025-08-09 14:11:37] [DEBUG] 画像サイズ: (256, 256)
[2025-08-09 14:11:37] [DEBUG] 画像モード: P
[2025-08-09 14:11:37] [DEBUG] データサイズ: 610 bytes
[2025-08-09 14:11:37] [DEBUG] 画像を保存: debug_images/tile_20250809_141137.png
[2025-08-09 14:11:37] [DEBUG] アルファ値: min=255, max=255, 非ゼロピクセル数=2758
[2025-08-09 14:11:37] [DEBUG] パレットインデックス(step)=1
[2025-08-09 14:11:37] 降水強度: step=1 → 1 mm/h
[2025-08-09 14:11:37] 確認用URL: https://www.jma.go.jp/bosai/nowc/#zoom:10/lat:35.126474871810345/lon:138.91109391000256/colordepth:normal/elements:hrpns
[2025-08-09 14:11:37] 現在時刻(JST): 2025-08-09 14:11:37
[2025-08-09 14:11:37] 選択データ: basetime=20250809051000, validtime=20250809051000
[2025-08-09 14:11:37] データ時刻(JST推定): 2025-08-09 14:10:00
[2025-08-09 14:11:37] 目標: 2025-08-09 14:41:37 / 時差: 31.6分
[2025-08-09 14:11:37] 座標情報: lat=35.126475, lon=138.911094
[2025-08-09 14:11:37] タイル: zoom=10, x=907, y=405, pixel=(31,42)
[2025-08-09 14:11:37] [DEBUG] 試行URL: https://www.jma.go.jp/bosai/jmatile/data/nowc/20250809051000/none/20250809051000/surf/hrpns/10/907/405.png
[2025-08-09 14:11:37] [DEBUG] 画像サイズ: (256, 256)
[2025-08-09 14:11:37] [DEBUG] 画像モード: P
[2025-08-09 14:11:37] [DEBUG] データサイズ: 610 bytes
[2025-08-09 14:11:37] [DEBUG] 画像を保存: debug_images/tile_20250809_141137.png
[2025-08-09 14:11:37] [DEBUG] アルファ値: min=255, max=255, 非ゼロピクセル数=2758
[2025-08-09 14:11:37] [DEBUG] パレットインデックス(step)=1
[2025-08-09 14:11:37] 降水強度: step=1 → 1 mm/h
[2025-08-09 14:11:37] 確認用URL: https://www.jma.go.jp/bosai/nowc/#zoom:10/lat:35.126474871810345/lon:138.91109391000256/colordepth:normal/elements:hrpns
[2025-08-09 14:11:37] 現在時刻(JST): 2025-08-09 14:11:37
[2025-08-09 14:11:37] 選択データ: basetime=20250809051000, validtime=20250809051000
[2025-08-09 14:11:37] データ時刻(JST推定): 2025-08-09 14:10:00
[2025-08-09 14:11:37] 目標: 2025-08-09 15:11:37 / 時差: 61.6分
[2025-08-09 14:11:37] 座標情報: lat=35.126475, lon=138.911094
[2025-08-09 14:11:37] タイル: zoom=10, x=907, y=405, pixel=(31,42)
[2025-08-09 14:11:37] [DEBUG] 試行URL: https://www.jma.go.jp/bosai/jmatile/data/nowc/20250809051000/none/20250809051000/surf/hrpns/10/907/405.png
[2025-08-09 14:11:37] [DEBUG] 画像サイズ: (256, 256)
[2025-08-09 14:11:37] [DEBUG] 画像モード: P
[2025-08-09 14:11:37] [DEBUG] データサイズ: 610 bytes
[2025-08-09 14:11:37] [DEBUG] 画像を保存: debug_images/tile_20250809_141137.png
[2025-08-09 14:11:37] [DEBUG] アルファ値: min=255, max=255, 非ゼロピクセル数=2758
[2025-08-09 14:11:37] [DEBUG] パレットインデックス(step)=1
[2025-08-09 14:11:37] 降水強度: step=1 → 1 mm/h
[2025-08-09 14:11:37] 確認用URL: https://www.jma.go.jp/bosai/nowc/#zoom:10/lat:35.126474871810345/lon:138.91109391000256/colordepth:normal/elements:hrpns
[2025-08-09 14:11:37] 【地点: 三島駅】時刻別降水量: 現在 1.0mm/h(14:10), 15分後 1.0mm/h(14:10), 30分後 1.0mm/h(14:10), 60分後 1.0mm/h(14:10)
[2025-08-09 14:11:37] [三島駅] タイルURL: https://www.jma.go.jp/bosai/jmatile/data/nowc/20250809051000/none/20250809051000/surf/hrpns/10/907/405.png
[2025-08-09 14:11:37] [三島駅] 降水量 (14:10 JST): 1.0 mm/h
[2025-08-09 14:11:37] [三島駅] 異常なし
[2025-08-09 14:14:37] [DEBUG] targetTimes URL: https://www.jma.go.jp/bosai/jmatile/data/nowc/targetTimes_N1.json
[2025-08-09 14:14:37] 予測オフセット: 60 分先を参照
[2025-08-09 14:14:37] 現在時刻(JST): 2025-08-09 14:14:37
[2025-08-09 14:14:37] 選択データ: basetime=20250809051000, validtime=20250809051000
[2025-08-09 14:14:37] データ時刻(JST推定): 2025-08-09 14:10:00
[2025-08-09 14:14:37] 目標: 2025-08-09 15:14:37 / 時差: 64.6分
[2025-08-09 14:14:37] 座標情報: lat=35.126475, lon=138.911094
[2025-08-09 14:14:37] タイル: zoom=10, x=907, y=405, pixel=(31,42)
[2025-08-09 14:14:37] [DEBUG] 試行URL: https://www.jma.go.jp/bosai/jmatile/data/nowc/20250809051000/none/20250809051000/surf/hrpns/10/907/405.png
[2025-08-09 14:14:37] [DEBUG] 画像サイズ: (256, 256)
[2025-08-09 14:14:37] [DEBUG] 画像モード: P
[2025-08-09 14:14:37] [DEBUG] データサイズ: 610 bytes
[2025-08-09 14:14:37] [DEBUG] 画像を保存: debug_images/tile_20250809_141437.png
[2025-08-09 14:14:37] [DEBUG] アルファ値: min=255, max=255, 非ゼロピクセル数=2758
[2025-08-09 14:14:37] [DEBUG] パレットインデックス(step)=1
[2025-08-09 14:14:37] 降水強度: step=1 → 1 mm/h
[2025-08-09 14:14:37] 確認用URL: https://www.jma.go.jp/bosai/nowc/#zoom:10/lat:35.126474871810345/lon:138.91109391000256/colordepth:normal/elements:hrpns
[2025-08-09 14:14:37] 現在時刻(JST): 2025-08-09 14:14:37
[2025-08-09 14:14:37] 選択データ: basetime=20250809051000, validtime=20250809051000
[2025-08-09 14:14:37] データ時刻(JST推定): 2025-08-09 14:10:00
[2025-08-09 14:14:37] 目標: 2025-08-09 14:14:37 / 時差: 4.6分
[2025-08-09 14:14:37] 座標情報: lat=35.126475, lon=138.911094
[2025-08-09 14:14:37] タイル: zoom=10, x=907, y=405, pixel=(31,42)
[2025-08-09 14:14:37] [DEBUG] 試行URL: https://www.jma.go.jp/bosai/jmatile/data/nowc/20250809051000/none/20250809051000/surf/hrpns/10/907/405.png
[2025-08-09 14:14:37] [DEBUG] 画像サイズ: (256, 256)
[2025-08-09 14:14:37] [DEBUG] 画像モード: P
[2025-08-09 14:14:37] [DEBUG] データサイズ: 610 bytes
[2025-08-09 14:14:37] [DEBUG] 画像を保存: debug_images/tile_20250809_141437.png
[2025-08-09 14:14:37] [DEBUG] アルファ値: min=255, max=255, 非ゼロピクセル数=2758
[2025-08-09 14:14:37] [DEBUG] パレットインデックス(step)=1
[2025-08-09 14:14:37] 降水強度: step=1 → 1 mm/h
[2025-08-09 14:14:37] 確認用URL: https://www.jma.go.jp/bosai/nowc/#zoom:10/lat:35.126474871810345/lon:138.91109391000256/colordepth:normal/elements:hrpns
[2025-08-09 14:14:37] 現在時刻(JST): 2025-08-09 14:14:37
[2025-08-09 14:14:37] 選択データ: basetime=20250809051000, validtime=20250809051000
[2025-08-09 14:14:37] データ時刻(JST推定): 2025-08-09 14:10:00
[2025-08-09 14:14:37] 目標: 2025-08-09 14:29:37 / 時差: 19.6分
[2025-08-09 14:14:37] 座標情報: lat=35.126475, lon=138.911094
[2025-08-09 14:14:37] タイル: zoom=10, x=907, y=405, pixel=(31,42)
[2025-08-09 14:14:37] [DEBUG] 試行URL: https://www.jma.go.jp/bosai/jmatile/data/nowc/20250809051000/none/20250809051000/surf/hrpns/10/907/405.png
[2025-08-09 14:14:37] [DEBUG] 画像サイズ: (256, 256)
[2025-08-09 14:14:37] [DEBUG] 画像モード: P
[2025-08-09 14:14:37] [DEBUG] データサイズ: 610 bytes
[2025-08-09 14:14:37] [DEBUG] 画像を保存: debug_images/tile_20250809_141437.png
[2025-08-09 14:14:37] [DEBUG] アルファ値: min=255, max=255, 非ゼロピクセル数=2758
[2025-08-09 14:14:37] [DEBUG] パレットインデックス(step)=1
[2025-08-09 14:14:37] 降水強度: step=1 → 1 mm/h
[2025-08-09 14:14:37] 確認用URL: https://www.jma.go.jp/bosai/nowc/#zoom:10/lat:35.126474871810345/lon:138.91109391000256/colordepth:normal/elements:hrpns
[2025-08-09 14:14:38] 現在時刻(JST): 2025-08-09 14:14:38
[2025-08-09 14:14:38] 選択データ: basetime=20250809051000, validtime=20250809051000
[2025-08-09 14:14:38] データ時刻(JST推定): 2025-08-09 14:10:00
[2025-08-09 14:14:38] 目標: 2025-08-09 14:44:38 / 時差: 34.6分
[2025-08-09 14:14:38] 座標情報: lat=35.126475, lon=138.911094
[2025-08-09 14:14:38] タイル: zoom=10, x=907, y=405, pixel=(31,42)
[2025-08-09 14:14:38] [DEBUG] 試行URL: https://www.jma.go.jp/bosai/jmatile/data/nowc/20250809051000/none/20250809051000/surf/hrpns/10/907/405.png
[2025-08-09 14:14:38] [DEBUG] 画像サイズ: (256, 256)
[2025-08-09 14:14:38] [DEBUG] 画像モード: P
[2025-08-09 14:14:38] [DEBUG] データサイズ: 610 bytes
[2025-08-09 14:14:38] [DEBUG] 画像を保存: debug_images/tile_20250809_141438.png
[2025-08-09 14:14:38] [DEBUG] アルファ値: min=255, max=255, 非ゼロピクセル数=2758
[2025-08-09 14:14:38] [DEBUG] パレットインデックス(step)=1
[2025-08-09 14:14:38] 降水強度: step=1 → 1 mm/h
[2025-08-09 14:14:38] 確認用URL: https://www.jma.go.jp/bosai/nowc/#zoom:10/lat:35.126474871810345/lon:138.91109391000256/colordepth:normal/elements:hrpns
[2025-08-09 14:14:38] 現在時刻(JST): 2025-08-09 14:14:38
[2025-08-09 14:14:38] 選択データ: basetime=20250809051000, validtime=20250809051000
[2025-08-09 14:14:38] データ時刻(JST推定): 2025-08-09 14:10:00
[2025-08-09 14:14:38] 目標: 2025-08-09 15:14:38 / 時差: 64.6分
[2025-08-09 14:14:38] 座標情報: lat=35.126475, lon=138.911094
[2025-08-09 14:14:38] タイル: zoom=10, x=907, y=405, pixel=(31,42)
[2025-08-09 14:14:38] [DEBUG] 試行URL: https://www.jma.go.jp/bosai/jmatile/data/nowc/20250809051000/none/20250809051000/surf/hrpns/10/907/405.png
[2025-08-09 14:14:38] [DEBUG] 画像サイズ: (256, 256)
[2025-08-09 14:14:38] [DEBUG] 画像モード: P
[2025-08-09 14:14:38] [DEBUG] データサイズ: 610 bytes
[2025-08-09 14:14:38] [DEBUG] 画像を保存: debug_images/tile_20250809_141438.png
[2025-08-09 14:14:38] [DEBUG] アルファ値: min=255, max=255, 非ゼロピクセル数=2758
[2025-08-09 14:14:38] [DEBUG] パレットインデックス(step)=1
[2025-08-09 14:14:38] 降水強度: step=1 → 1 mm/h
[2025-08-09 14:14:38] 確認用URL: https://www.jma.go.jp/bosai/nowc/#zoom:10/lat:35.126474871810345/lon:138.91109391000256/colordepth:normal/elements:hrpns
[2025-08-09 14:14:38] 【地点: 三島駅】時刻別降水量: 現在 1.0mm/h(14:10), 15分後 1.0mm/h(14:10), 30分後 1.0mm/h(14:10), 60分後 1.0mm/h(14:10)
[2025-08-09 14:14:38] [三島駅] タイルURL: https://www.jma.go.jp/bosai/jmatile/data/nowc/20250809051000/none/20250809051000/surf/hrpns/10/907/405.png
[2025-08-09 14:14:38] [三島駅] 降水量 (14:10 JST): 1.0 mm/h
[2025-08-09 14:14:38] [三島駅] 異常なし
[2025-08-09 14:49:22] [DEBUG] targetTimes URL: https://www.jma.go.jp/bosai/jmatile/data/nowc/targetTimes_N1.json
[2025-08-09 14:49:22] 予測オフセット: 60 分先を参照
[2025-08-09 14:49:22] 現在時刻(JST): 2025-08-09 14:49:22
[2025-08-09 14:49:22] 選択データ: basetime=20250809054500, validtime=20250809054500
[2025-08-09 14:49:22] データ時刻(JST推定): 2025-08-09 14:45:00
[2025-08-09 14:49:22] 目標: 2025-08-09 15:49:22 / 時差: 64.4分
[2025-08-09 14:49:22] 座標情報: lat=35.126475, lon=138.911094
[2025-08-09 14:49:22] タイル: zoom=10, x=907, y=405, pixel=(31,42)
[2025-08-09 14:49:22] [DEBUG] 試行URL: https://www.jma.go.jp/bosai/jmatile/data/nowc/20250809054500/none/20250809054500/surf/hrpns/10/907/405.png
[2025-08-09 14:49:23] [DEBUG] 画像サイズ: (256, 256)
[2025-08-09 14:49:23] [DEBUG] 画像モード: P
[2025-08-09 14:49:23] [DEBUG] データサイズ: 271 bytes
[2025-08-09 14:49:23] [DEBUG] 画像を保存: debug_images/tile_20250809_144923.png
[2025-08-09 14:49:23] [DEBUG] アルファ値: min=255, max=255, 非ゼロピクセル数=77
[2025-08-09 14:49:23] [DEBUG] パレットインデックス(step)=1
[2025-08-09 14:49:23] 降水強度: step=1 → 1 mm/h
[2025-08-09 14:49:23] 確認用URL: https://www.jma.go.jp/bosai/nowc/#zoom:10/lat:35.126474871810345/lon:138.91109391000256/colordepth:normal/elements:hrpns
[2025-08-09 14:49:23] 現在時刻(JST): 2025-08-09 14:49:23
[2025-08-09 14:49:23] 選択データ: basetime=20250809054500, validtime=20250809054500
[2025-08-09 14:49:23] データ時刻(JST推定): 2025-08-09 14:45:00
[2025-08-09 14:49:23] 目標: 2025-08-09 14:49:23 / 時差: 4.4分
[2025-08-09 14:49:23] 座標情報: lat=35.126475, lon=138.911094
[2025-08-09 14:49:23] タイル: zoom=10, x=907, y=405, pixel=(31,42)
[2025-08-09 14:49:23] [DEBUG] 試行URL: https://www.jma.go.jp/bosai/jmatile/data/nowc/20250809054500/none/20250809054500/surf/hrpns/10/907/405.png
[2025-08-09 14:49:23] [DEBUG] 画像サイズ: (256, 256)
[2025-08-09 14:49:23] [DEBUG] 画像モード: P
[2025-08-09 14:49:23] [DEBUG] データサイズ: 271 bytes
[2025-08-09 14:49:23] [DEBUG] 画像を保存: debug_images/tile_20250809_144923.png
[2025-08-09 14:49:23] [DEBUG] アルファ値: min=255, max=255, 非ゼロピクセル数=77
[2025-08-09 14:49:23] [DEBUG] パレットインデックス(step)=1
[2025-08-09 14:49:23] 降水強度: step=1 → 1 mm/h
[2025-08-09 14:49:23] 確認用URL: https://www.jma.go.jp/bosai/nowc/#zoom:10/lat:35.126474871810345/lon:138.91109391000256/colordepth:normal/elements:hrpns
[2025-08-09 14:49:23] 現在時刻(JST): 2025-08-09 14:49:23
[2025-08-09 14:49:23] 選択データ: basetime=20250809054500, validtime=20250809054500
[2025-08-09 14:49:23] データ時刻(JST推定): 2025-08-09 14:45:00
[2025-08-09 14:49:23] 目標: 2025-08-09 15:04:23 / 時差: 19.4分
[2025-08-09 14:49:23] 座標情報: lat=35.126475, lon=138.911094
[2025-08-09 14:49:23] タイル: zoom=10, x=907, y=405, pixel=(31,42)
[2025-08-09 14:49:23] [DEBUG] 試行URL: https://www.jma.go.jp/bosai/jmatile/data/nowc/20250809054500/none/20250809054500/surf/hrpns/10/907/405.png
[2025-08-09 14:49:23] [DEBUG] 画像サイズ: (256, 256)
[2025-08-09 14:49:23] [DEBUG] 画像モード: P
[2025-08-09 14:49:23] [DEBUG] データサイズ: 271 bytes
[2025-08-09 14:49:23] [DEBUG] 画像を保存: debug_images/tile_20250809_144923.png
[2025-08-09 14:49:23] [DEBUG] アルファ値: min=255, max=255, 非ゼロピクセル数=77
[2025-08-09 14:49:23] [DEBUG] パレットインデックス(step)=1
[2025-08-09 14:49:23] 降水強度: step=1 → 1 mm/h
[2025-08-09 14:49:23] 確認用URL: https://www.jma.go.jp/bosai/nowc/#zoom:10/lat:35.126474871810345/lon:138.91109391000256/colordepth:normal/elements:hrpns
[2025-08-09 14:49:23] 現在時刻(JST): 2025-08-09 14:49:23
[2025-08-09 14:49:23] 選択データ: basetime=20250809054500, validtime=20250809054500
[2025-08-09 14:49:23] データ時刻(JST推定): 2025-08-09 14:45:00
[2025-08-09 14:49:23] 目標: 2025-08-09 15:19:23 / 時差: 34.4分
[2025-08-09 14:49:23] 座標情報: lat=35.126475, lon=138.911094
[2025-08-09 14:49:23] タイル: zoom=10, x=907, y=405, pixel=(31,42)
[2025-08-09 14:49:23] [DEBUG] 試行URL: https://www.jma.go.jp/bosai/jmatile/data/nowc/20250809054500/none/20250809054500/surf/hrpns/10/907/405.png
[2025-08-09 14:49:23] [DEBUG] 画像サイズ: (256, 256)
[2025-08-09 14:49:23] [DEBUG] 画像モード: P
[2025-08-09 14:49:23] [DEBUG] データサイズ: 271 bytes
[2025-08-09 14:49:23] [DEBUG] 画像を保存: debug_images/tile_20250809_144923.png
[2025-08-09 14:49:23] [DEBUG] アルファ値: min=255, max=255, 非ゼロピクセル数=77
[2025-08-09 14:49:23] [DEBUG] パレットインデックス(step)=1
[2025-08-09 14:49:23] 降水強度: step=1 → 1 mm/h
[2025-08-09 14:49:23] 確認用URL: https://www.jma.go.jp/bosai/nowc/#zoom:10/lat:35.126474871810345/lon:138.91109391000256/colordepth:normal/elements:hrpns
[2025-08-09 14:49:23] 現在時刻(JST): 2025-08-09 14:49:23
[2025-08-09 14:49:23] 選択データ: basetime=20250809054500, validtime=20250809054500
[2025-08-09 14:49:23] データ時刻(JST推定): 2025-08-09 14:45:00
[2025-08-09 14:49:23] 目標: 2025-08-09 15:49:23 / 時差: 64.4分
[2025-08-09 14:49:23] 座標情報: lat=35.126475, lon=138.911094
[2025-08-09 14:49:23] タイル: zoom=10, x=907, y=405, pixel=(31,42)
[2025-08-09 14:49:23] [DEBUG] 試行URL: https://www.jma.go.jp/bosai/jmatile/data/nowc/20250809054500/none/20250809054500/surf/hrpns/10/907/405.png
[2025-08-09 14:49:23] [DEBUG] 画像サイズ: (256, 256)
[2025-08-09 14:49:23] [DEBUG] 画像モード: P
[2025-08-09 14:49:23] [DEBUG] データサイズ: 271 bytes
[2025-08-09 14:49:23] [DEBUG] 画像を保存: debug_images/tile_20250809_144923.png
[2025-08-09 14:49:23] [DEBUG] アルファ値: min=255, max=255, 非ゼロピクセル数=77
[2025-08-09 14:49:23] [DEBUG] パレットインデックス(step)=1
[2025-08-09 14:49:23] 降水強度: step=1 → 1 mm/h
[2025-08-09 14:49:23] 確認用URL: https://www.jma.go.jp/bosai/nowc/#zoom:10/lat:35.126474871810345/lon:138.91109391000256/colordepth:normal/elements:hrpns
[2025-08-09 14:49:23] 【地点: 三島駅】時刻別降水量: 現在 1.0mm/h(14:45), 15分後 1.0mm/h(14:45), 30分後 1.0mm/h(14:45), 60分後 1.0mm/h(14:45)
[2025-08-09 14:49:23] [三島駅] タイルURL: https://www.jma.go.jp/bosai/jmatile/data/nowc/20250809054500/none/20250809054500/surf/hrpns/10/907/405.png
[2025-08-09 14:49:23] [三島駅] 降水量 (14:45 JST): 1.0 mm/h
[2025-08-09 14:49:23] [三島駅] 異常なし
[2025-08-09 15:24:11] [DEBUG] targetTimes URL: https://www.jma.go.jp/bosai/jmatile/data/nowc/targetTimes_N1.json
[2025-08-09 15:24:11] 予測オフセット: 60 分先を参照
[2025-08-09 15:24:11] 現在時刻(JST): 2025-08-09 15:24:11
[2025-08-09 15:24:12] 選択データ: basetime=20250809062000, validtime=20250809062000
[2025-08-09 15:24:12] データ時刻(JST推定): 2025-08-09 15:20:00
[2025-08-09 15:24:12] 目標: 2025-08-09 16:24:11 / 時差: 64.2分
[2025-08-09 15:24:12] 座標情報: lat=35.126475, lon=138.911094
[2025-08-09 15:24:12] タイル: zoom=10, x=907, y=405, pixel=(31,42)
[2025-08-09 15:24:12] [DEBUG] 試行URL: https://www.jma.go.jp/bosai/jmatile/data/nowc/20250809062000/none/20250809062000/surf/hrpns/10/907/405.png
[2025-08-09 15:24:12] [DEBUG] 画像サイズ: (256, 256)
[2025-08-09 15:24:12] [DEBUG] 画像モード: P
[2025-08-09 15:24:12] [DEBUG] データサイズ: 325 bytes
[2025-08-09 15:24:12] [DEBUG] 画像を保存: debug_images/tile_20250809_152412.png
[2025-08-09 15:24:12] [DEBUG] アルファ値: min=255, max=255, 非ゼロピクセル数=176
[2025-08-09 15:24:12] [DEBUG] パレットインデックス(step)=1
[2025-08-09 15:24:12] 降水強度: step=1 → 1 mm/h
[2025-08-09 15:24:12] 確認用URL: https://www.jma.go.jp/bosai/nowc/#zoom:10/lat:35.126474871810345/lon:138.91109391000256/colordepth:normal/elements:hrpns
[2025-08-09 15:24:12] 現在時刻(JST): 2025-08-09 15:24:12
[2025-08-09 15:24:12] 選択データ: basetime=20250809062000, validtime=20250809062000
[2025-08-09 15:24:12] データ時刻(JST推定): 2025-08-09 15:20:00
[2025-08-09 15:24:12] 目標: 2025-08-09 15:24:12 / 時差: 4.2分
[2025-08-09 15:24:12] 座標情報: lat=35.126475, lon=138.911094
[2025-08-09 15:24:12] タイル: zoom=10, x=907, y=405, pixel=(31,42)
[2025-08-09 15:24:12] [DEBUG] 試行URL: https://www.jma.go.jp/bosai/jmatile/data/nowc/20250809062000/none/20250809062000/surf/hrpns/10/907/405.png
[2025-08-09 15:24:12] [DEBUG] 画像サイズ: (256, 256)
[2025-08-09 15:24:12] [DEBUG] 画像モード: P
[2025-08-09 15:24:12] [DEBUG] データサイズ: 325 bytes
[2025-08-09 15:24:12] [DEBUG] 画像を保存: debug_images/tile_20250809_152412.png
[2025-08-09 15:24:12] [DEBUG] アルファ値: min=255, max=255, 非ゼロピクセル数=176
[2025-08-09 15:24:12] [DEBUG] パレットインデックス(step)=1
[2025-08-09 15:24:12] 降水強度: step=1 → 1 mm/h
[2025-08-09 15:24:12] 確認用URL: https://www.jma.go.jp/bosai/nowc/#zoom:10/lat:35.126474871810345/lon:138.91109391000256/colordepth:normal/elements:hrpns
[2025-08-09 15:24:12] 現在時刻(JST): 2025-08-09 15:24:12
[2025-08-09 15:24:12] 選択データ: basetime=20250809062000, validtime=20250809062000
[2025-08-09 15:24:12] データ時刻(JST推定): 2025-08-09 15:20:00
[2025-08-09 15:24:12] 目標: 2025-08-09 15:39:12 / 時差: 19.2分
[2025-08-09 15:24:12] 座標情報: lat=35.126475, lon=138.911094
[2025-08-09 15:24:12] タイル: zoom=10, x=907, y=405, pixel=(31,42)
[2025-08-09 15:24:12] [DEBUG] 試行URL: https://www.jma.go.jp/bosai/jmatile/data/nowc/20250809062000/none/20250809062000/surf/hrpns/10/907/405.png
[2025-08-09 15:24:12] [DEBUG] 画像サイズ: (256, 256)
[2025-08-09 15:24:12] [DEBUG] 画像モード: P
[2025-08-09 15:24:12] [DEBUG] データサイズ: 325 bytes
[2025-08-09 15:24:12] [DEBUG] 画像を保存: debug_images/tile_20250809_152412.png
[2025-08-09 15:24:12] [DEBUG] アルファ値: min=255, max=255, 非ゼロピクセル数=176
[2025-08-09 15:24:12] [DEBUG] パレットインデックス(step)=1
[2025-08-09 15:24:12] 降水強度: step=1 → 1 mm/h
[2025-08-09 15:24:12] 確認用URL: https://www.jma.go.jp/bosai/nowc/#zoom:10/lat:35.126474871810345/lon:138.91109391000256/colordepth:normal/elements:hrpns
[2025-08-09 15:24:12] 現在時刻(JST): 2025-08-09 15:24:12
[2025-08-09 15:24:12] 選択データ: basetime=20250809062000, validtime=20250809062000
[2025-08-09 15:24:12] データ時刻(JST推定): 2025-08-09 15:20:00
[2025-08-09 15:24:12] 目標: 2025-08-09 15:54:12 / 時差: 34.2分
[2025-08-09 15:24:12] 座標情報: lat=35.126475, lon=138.911094
[2025-08-09 15:24:12] タイル: zoom=10, x=907, y=405, pixel=(31,42)
[2025-08-09 15:24:12] [DEBUG] 試行URL: https://www.jma.go.jp/bosai/jmatile/data/nowc/20250809062000/none/20250809062000/surf/hrpns/10/907/405.png
[2025-08-09 15:24:12] [DEBUG] 画像サイズ: (256, 256)
[2025-08-09 15:24:12] [DEBUG] 画像モード: P
[2025-08-09 15:24:12] [DEBUG] データサイズ: 325 bytes
[2025-08-09 15:24:12] [DEBUG] 画像を保存: debug_images/tile_20250809_152412.png
[2025-08-09 15:24:12] [DEBUG] アルファ値: min=255, max=255, 非ゼロピクセル数=176
[2025-08-09 15:24:12] [DEBUG] パレットインデックス(step)=1
[2025-08-09 15:24:12] 降水強度: step=1 → 1 mm/h
[2025-08-09 15:24:12] 確認用URL: https://www.jma.go.jp/bosai/nowc/#zoom:10/lat:35.126474871810345/lon:138.91109391000256/colordepth:normal/elements:hrpns
[2025-08-09 15:24:12] 現在時刻(JST): 2025-08-09 15:24:12
[2025-08-09 15:24:12] 選択データ: basetime=20250809062000, validtime=20250809062000
[2025-08-09 15:24:12] データ時刻(JST推定): 2025-08-09 15:20:00
[2025-08-09 15:24:12] 目標: 2025-08-09 16:24:12 / 時差: 64.2分
[2025-08-09 15:24:12] 座標情報: lat=35.126475, lon=138.911094
[2025-08-09 15:24:12] タイル: zoom=10, x=907, y=405, pixel=(31,42)
[2025-08-09 15:24:12] [DEBUG] 試行URL: https://www.jma.go.jp/bosai/jmatile/data/nowc/20250809062000/none/20250809062000/surf/hrpns/10/907/405.png
[2025-08-09 15:24:12] [DEBUG] 画像サイズ: (256, 256)
[2025-08-09 15:24:12] [DEBUG] 画像モード: P
[2025-08-09 15:24:12] [DEBUG] データサイズ: 325 bytes
[2025-08-09 15:24:12] [DEBUG] 画像を保存: debug_images/tile_20250809_152412.png
[2025-08-09 15:24:12] [DEBUG] アルファ値: min=255, max=255, 非ゼロピクセル数=176
[2025-08-09 15:24:12] [DEBUG] パレットインデックス(step)=1
[2025-08-09 15:24:12] 降水強度: step=1 → 1 mm/h
[2025-08-09 15:24:12] 確認用URL: https://www.jma.go.jp/bosai/nowc/#zoom:10/lat:35.126474871810345/lon:138.91109391000256/colordepth:normal/elements:hrpns
[2025-08-09 15:24:12] 【地点: 三島駅】時刻別降水量: 現在 1.0mm/h(15:20), 15分後 1.0mm/h(15:20), 30分後 1.0mm/h(15:20), 60分後 1.0mm/h(15:20)
[2025-08-09 15:24:12] [三島駅] タイルURL: https://www.jma.go.jp/bosai/jmatile/data/nowc/20250809062000/none/20250809062000/surf/hrpns/10/907/405.png
[2025-08-09 15:24:12] [三島駅] 降水量 (15:20 JST): 1.0 mm/h
[2025-08-09 15:24:12] [三島駅] 異常なし
[2025-08-09 15:27:12] [DEBUG] targetTimes URL: https://www.jma.go.jp/bosai/jmatile/data/nowc/targetTimes_N1.json
[2025-08-09 15:27:12] 予測オフセット: 60 分先を参照
[2025-08-09 15:27:12] 現在時刻(JST): 2025-08-09 15:27:12
[2025-08-09 15:27:12] 選択データ: basetime=20250809062500, validtime=20250809062500
[2025-08-09 15:27:12] データ時刻(JST推定): 2025-08-09 15:25:00
[2025-08-09 15:27:12] 目標: 2025-08-09 16:27:12 / 時差: 62.2分
[2025-08-09 15:27:12] 座標情報: lat=35.126475, lon=138.911094
[2025-08-09 15:27:12] タイル: zoom=10, x=907, y=405, pixel=(31,42)
[2025-08-09 15:27:12] [DEBUG] 試行URL: https://www.jma.go.jp/bosai/jmatile/data/nowc/20250809062500/none/20250809062500/surf/hrpns/10/907/405.png
[2025-08-09 15:27:12] [DEBUG] 画像サイズ: (256, 256)
[2025-08-09 15:27:12] [DEBUG] 画像モード: P
[2025-08-09 15:27:12] [DEBUG] データサイズ: 358 bytes
[2025-08-09 15:27:12] [DEBUG] 画像を保存: debug_images/tile_20250809_152712.png
[2025-08-09 15:27:12] [DEBUG] アルファ値: min=255, max=255, 非ゼロピクセル数=391
[2025-08-09 15:27:12] [DEBUG] パレットインデックス(step)=1
[2025-08-09 15:27:12] 降水強度: step=1 → 1 mm/h
[2025-08-09 15:27:12] 確認用URL: https://www.jma.go.jp/bosai/nowc/#zoom:10/lat:35.126474871810345/lon:138.91109391000256/colordepth:normal/elements:hrpns
[2025-08-09 15:27:12] 現在時刻(JST): 2025-08-09 15:27:12
[2025-08-09 15:27:12] 選択データ: basetime=20250809062500, validtime=20250809062500
[2025-08-09 15:27:12] データ時刻(JST推定): 2025-08-09 15:25:00
[2025-08-09 15:27:12] 目標: 2025-08-09 15:27:12 / 時差: 2.2分
[2025-08-09 15:27:12] 座標情報: lat=35.126475, lon=138.911094
[2025-08-09 15:27:12] タイル: zoom=10, x=907, y=405, pixel=(31,42)
[2025-08-09 15:27:12] [DEBUG] 試行URL: https://www.jma.go.jp/bosai/jmatile/data/nowc/20250809062500/none/20250809062500/surf/hrpns/10/907/405.png
[2025-08-09 15:27:12] [DEBUG] 画像サイズ: (256, 256)
[2025-08-09 15:27:12] [DEBUG] 画像モード: P
[2025-08-09 15:27:12] [DEBUG] データサイズ: 358 bytes
[2025-08-09 15:27:12] [DEBUG] 画像を保存: debug_images/tile_20250809_152712.png
[2025-08-09 15:27:12] [DEBUG] アルファ値: min=255, max=255, 非ゼロピクセル数=391
[2025-08-09 15:27:12] [DEBUG] パレットインデックス(step)=1
[2025-08-09 15:27:12] 降水強度: step=1 → 1 mm/h
[2025-08-09 15:27:12] 確認用URL: https://www.jma.go.jp/bosai/nowc/#zoom:10/lat:35.126474871810345/lon:138.91109391000256/colordepth:normal/elements:hrpns
[2025-08-09 15:27:12] 現在時刻(JST): 2025-08-09 15:27:12
[2025-08-09 15:27:12] 選択データ: basetime=20250809062500, validtime=20250809062500
[2025-08-09 15:27:12] データ時刻(JST推定): 2025-08-09 15:25:00
[2025-08-09 15:27:12] 目標: 2025-08-09 15:42:12 / 時差: 17.2分
[2025-08-09 15:27:12] 座標情報: lat=35.126475, lon=138.911094
[2025-08-09 15:27:12] タイル: zoom=10, x=907, y=405, pixel=(31,42)
[2025-08-09 15:27:12] [DEBUG] 試行URL: https://www.jma.go.jp/bosai/jmatile/data/nowc/20250809062500/none/20250809062500/surf/hrpns/10/907/405.png
[2025-08-09 15:27:12] [DEBUG] 画像サイズ: (256, 256)
[2025-08-09 15:27:12] [DEBUG] 画像モード: P
[2025-08-09 15:27:12] [DEBUG] データサイズ: 358 bytes
[2025-08-09 15:27:12] [DEBUG] 画像を保存: debug_images/tile_20250809_152712.png
[2025-08-09 15:27:12] [DEBUG] アルファ値: min=255, max=255, 非ゼロピクセル数=391
[2025-08-09 15:27:12] [DEBUG] パレットインデックス(step)=1
[2025-08-09 15:27:12] 降水強度: step=1 → 1 mm/h
[2025-08-09 15:27:12] 確認用URL: https://www.jma.go.jp/bosai/nowc/#zoom:10/lat:35.126474871810345/lon:138.91109391000256/colordepth:normal/elements:hrpns
[2025-08-09 15:27:12] 現在時刻(JST): 2025-08-09 15:27:12
[2025-08-09 15:27:12] 選択データ: basetime=20250809062500, validtime=20250809062500
[2025-08-09 15:27:12] データ時刻(JST推定): 2025-08-09 15:25:00
[2025-08-09 15:27:12] 目標: 2025-08-09 15:57:12 / 時差: 32.2分
[2025-08-09 15:27:12] 座標情報: lat=35.126475, lon=138.911094
[2025-08-09 15:27:12] タイル: zoom=10, x=907, y=405, pixel=(31,42)
[2025-08-09 15:27:12] [DEBUG] 試行URL: https://www.jma.go.jp/bosai/jmatile/data/nowc/20250809062500/none/20250809062500/surf/hrpns/10/907/405.png
[2025-08-09 15:27:12] [DEBUG] 画像サイズ: (256, 256)
[2025-08-09 15:27:12] [DEBUG] 画像モード: P
[2025-08-09 15:27:12] [DEBUG] データサイズ: 358 bytes
[2025-08-09 15:27:12] [DEBUG] 画像を保存: debug_images/tile_20250809_152712.png
[2025-08-09 15:27:12] [DEBUG] アルファ値: min=255, max=255, 非ゼロピクセル数=391
[2025-08-09 15:27:12] [DEBUG] パレットインデックス(step)=1
[2025-08-09 15:27:12] 降水強度: step=1 → 1 mm/h
[2025-08-09 15:27:12] 確認用URL: https://www.jma.go.jp/bosai/nowc/#zoom:10/lat:35.126474871810345/lon:138.91109391000256/colordepth:normal/elements:hrpns
[2025-08-09 15:27:12] 現在時刻(JST): 2025-08-09 15:27:12
[2025-08-09 15:27:12] 選択データ: basetime=20250809062500, validtime=20250809062500
[2025-08-09 15:27:12] データ時刻(JST推定): 2025-08-09 15:25:00
[2025-08-09 15:27:12] 目標: 2025-08-09 16:27:12 / 時差: 62.2分
[2025-08-09 15:27:12] 座標情報: lat=35.126475, lon=138.911094
[2025-08-09 15:27:12] タイル: zoom=10, x=907, y=405, pixel=(31,42)
[2025-08-09 15:27:12] [DEBUG] 試行URL: https://www.jma.go.jp/bosai/jmatile/data/nowc/20250809062500/none/20250809062500/surf/hrpns/10/907/405.png
[2025-08-09 15:27:13] [DEBUG] 画像サイズ: (256, 256)
[2025-08-09 15:27:13] [DEBUG] 画像モード: P
[2025-08-09 15:27:13] [DEBUG] データサイズ: 358 bytes
[2025-08-09 15:27:13] [DEBUG] 画像を保存: debug_images/tile_20250809_152713.png
[2025-08-09 15:27:13] [DEBUG] アルファ値: min=255, max=255, 非ゼロピクセル数=391
[2025-08-09 15:27:13] [DEBUG] パレットインデックス(step)=1
[2025-08-09 15:27:13] 降水強度: step=1 → 1 mm/h
[2025-08-09 15:27:13] 確認用URL: https://www.jma.go.jp/bosai/nowc/#zoom:10/lat:35.126474871810345/lon:138.91109391000256/colordepth:normal/elements:hrpns
[2025-08-09 15:27:13] 【地点: 三島駅】時刻別降水量: 現在 1.0mm/h(15:25), 15分後 1.0mm/h(15:25), 30分後 1.0mm/h(15:25), 60分後 1.0mm/h(15:25)
[2025-08-09 15:27:13] [三島駅] タイルURL: https://www.jma.go.jp/bosai/jmatile/data/nowc/20250809062500/none/20250809062500/surf/hrpns/10/907/405.png
[2025-08-09 15:27:13] [三島駅] 降水量 (15:25 JST): 1.0 mm/h
[2025-08-09 15:27:13] [三島駅] 異常なし
[2025-08-09 15:40:14] 監視停止中
[2025-08-09 15:40:18] [DEBUG] targetTimes URL: https://www.jma.go.jp/bosai/jmatile/data/nowc/targetTimes_N1.json
[2025-08-09 15:40:18] 予測オフセット: 60 分先を参照
[2025-08-09 15:40:18] 現在時刻(JST): 2025-08-09 15:40:18
[2025-08-09 15:40:18] 選択データ: basetime=20250809063500, validtime=20250809063500
[2025-08-09 15:40:18] データ時刻(JST推定): 2025-08-09 15:35:00
[2025-08-09 15:40:18] 目標: 2025-08-09 16:40:18 / 時差: 65.3分
[2025-08-09 15:40:18] 座標情報: lat=35.126475, lon=138.911094
[2025-08-09 15:40:18] タイル: zoom=10, x=907, y=405, pixel=(31,42)
[2025-08-09 15:40:18] [DEBUG] 試行URL: https://www.jma.go.jp/bosai/jmatile/data/nowc/20250809063500/none/20250809063500/surf/hrpns/10/907/405.png
[2025-08-09 15:40:18] [DEBUG] 画像サイズ: (256, 256)
[2025-08-09 15:40:18] [DEBUG] 画像モード: P
[2025-08-09 15:40:18] [DEBUG] データサイズ: 313 bytes
[2025-08-09 15:40:18] [DEBUG] 画像を保存: debug_images/tile_20250809_154018.png
[2025-08-09 15:40:18] [DEBUG] アルファ値: min=255, max=255, 非ゼロピクセル数=162
[2025-08-09 15:40:18] [DEBUG] パレットインデックス(step)=0
[2025-08-09 15:40:18] 降水強度: step=0 → 0 mm/h
[2025-08-09 15:40:18] 確認用URL: https://www.jma.go.jp/bosai/nowc/#zoom:10/lat:35.126474871810345/lon:138.91109391000256/colordepth:normal/elements:hrpns
[2025-08-09 15:40:18] 現在時刻(JST): 2025-08-09 15:40:18
[2025-08-09 15:40:18] 選択データ: basetime=20250809063500, validtime=20250809063500
[2025-08-09 15:40:18] データ時刻(JST推定): 2025-08-09 15:35:00
[2025-08-09 15:40:18] 目標: 2025-08-09 15:40:18 / 時差: 5.3分
[2025-08-09 15:40:18] 座標情報: lat=35.126475, lon=138.911094
[2025-08-09 15:40:18] タイル: zoom=10, x=907, y=405, pixel=(31,42)
[2025-08-09 15:40:18] [DEBUG] 試行URL: https://www.jma.go.jp/bosai/jmatile/data/nowc/20250809063500/none/20250809063500/surf/hrpns/10/907/405.png
[2025-08-09 15:40:18] [DEBUG] 画像サイズ: (256, 256)
[2025-08-09 15:40:18] [DEBUG] 画像モード: P
[2025-08-09 15:40:18] [DEBUG] データサイズ: 313 bytes
[2025-08-09 15:40:18] [DEBUG] 画像を保存: debug_images/tile_20250809_154018.png
[2025-08-09 15:40:18] [DEBUG] アルファ値: min=255, max=255, 非ゼロピクセル数=162
[2025-08-09 15:40:18] [DEBUG] パレットインデックス(step)=0
[2025-08-09 15:40:18] 降水強度: step=0 → 0 mm/h
[2025-08-09 15:40:18] 確認用URL: https://www.jma.go.jp/bosai/nowc/#zoom:10/lat:35.126474871810345/lon:138.91109391000256/colordepth:normal/elements:hrpns
[2025-08-09 15:40:18] 現在時刻(JST): 2025-08-09 15:40:18
[2025-08-09 15:40:18] 選択データ: basetime=20250809063500, validtime=20250809063500
[2025-08-09 15:40:18] データ時刻(JST推定): 2025-08-09 15:35:00
[2025-08-09 15:40:18] 目標: 2025-08-09 15:55:18 / 時差: 20.3分
[2025-08-09 15:40:18] 座標情報: lat=35.126475, lon=138.911094
[2025-08-09 15:40:18] タイル: zoom=10, x=907, y=405, pixel=(31,42)
[2025-08-09 15:40:18] [DEBUG] 試行URL: https://www.jma.go.jp/bosai/jmatile/data/nowc/20250809063500/none/20250809063500/surf/hrpns/10/907/405.png
[2025-08-09 15:40:19] [DEBUG] 画像サイズ: (256, 256)
[2025-08-09 15:40:19] [DEBUG] 画像モード: P
[2025-08-09 15:40:19] [DEBUG] データサイズ: 313 bytes
[2025-08-09 15:40:19] [DEBUG] 画像を保存: debug_images/tile_20250809_154019.png
[2025-08-09 15:40:19] [DEBUG] アルファ値: min=255, max=255, 非ゼロピクセル数=162
[2025-08-09 15:40:19] [DEBUG] パレットインデックス(step)=0
[2025-08-09 15:40:19] 降水強度: step=0 → 0 mm/h
[2025-08-09 15:40:19] 確認用URL: https://www.jma.go.jp/bosai/nowc/#zoom:10/lat:35.126474871810345/lon:138.91109391000256/colordepth:normal/elements:hrpns
[2025-08-09 15:40:19] 現在時刻(JST): 2025-08-09 15:40:19
[2025-08-09 15:40:19] 選択データ: basetime=20250809063500, validtime=20250809063500
[2025-08-09 15:40:19] データ時刻(JST推定): 2025-08-09 15:35:00
[2025-08-09 15:40:19] 目標: 2025-08-09 16:10:19 / 時差: 35.3分
[2025-08-09 15:40:19] 座標情報: lat=35.126475, lon=138.911094
[2025-08-09 15:40:19] タイル: zoom=10, x=907, y=405, pixel=(31,42)
[2025-08-09 15:40:19] [DEBUG] 試行URL: https://www.jma.go.jp/bosai/jmatile/data/nowc/20250809063500/none/20250809063500/surf/hrpns/10/907/405.png
[2025-08-09 15:40:19] [DEBUG] 画像サイズ: (256, 256)
[2025-08-09 15:40:19] [DEBUG] 画像モード: P
[2025-08-09 15:40:19] [DEBUG] データサイズ: 313 bytes
[2025-08-09 15:40:19] [DEBUG] 画像を保存: debug_images/tile_20250809_154019.png
[2025-08-09 15:40:19] [DEBUG] アルファ値: min=255, max=255, 非ゼロピクセル数=162
[2025-08-09 15:40:19] [DEBUG] パレットインデックス(step)=0
[2025-08-09 15:40:19] 降水強度: step=0 → 0 mm/h
[2025-08-09 15:40:19] 確認用URL: https://www.jma.go.jp/bosai/nowc/#zoom:10/lat:35.126474871810345/lon:138.91109391000256/colordepth:normal/elements:hrpns
[2025-08-09 15:40:19] 現在時刻(JST): 2025-08-09 15:40:19
[2025-08-09 15:40:19] 選択データ: basetime=20250809063500, validtime=20250809063500
[2025-08-09 15:40:19] データ時刻(JST推定): 2025-08-09 15:35:00
[2025-08-09 15:40:19] 目標: 2025-08-09 16:40:19 / 時差: 65.3分
[2025-08-09 15:40:19] 座標情報: lat=35.126475, lon=138.911094
[2025-08-09 15:40:19] タイル: zoom=10, x=907, y=405, pixel=(31,42)
[2025-08-09 15:40:19] [DEBUG] 試行URL: https://www.jma.go.jp/bosai/jmatile/data/nowc/20250809063500/none/20250809063500/surf/hrpns/10/907/405.png
[2025-08-09 15:40:19] [DEBUG] 画像サイズ: (256, 256)
[2025-08-09 15:40:19] [DEBUG] 画像モード: P
[2025-08-09 15:40:19] [DEBUG] データサイズ: 313 bytes
[2025-08-09 15:40:19] [DEBUG] 画像を保存: debug_images/tile_20250809_154019.png
[2025-08-09 15:40:19] [DEBUG] アルファ値: min=255, max=255, 非ゼロピクセル数=162
[2025-08-09 15:40:19] [DEBUG] パレットインデックス(step)=0
[2025-08-09 15:40:19] 降水強度: step=0 → 0 mm/h
[2025-08-09 15:40:19] 確認用URL: https://www.jma.go.jp/bosai/nowc/#zoom:10/lat:35.126474871810345/lon:138.91109391000256/colordepth:normal/elements:hrpns
[2025-08-09 15:40:19] 【地点: 三島駅】時刻別降水量: 現在 0.0mm/h(15:35), 15分後 0.0mm/h(15:35), 30分後 0.0mm/h(15:35), 60分後 0.0mm/h(15:35)
[2025-08-09 15:40:19] [三島駅] タイルURL: https://www.jma.go.jp/bosai/jmatile/data/nowc/20250809063500/none/20250809063500/surf/hrpns/10/907/405.png
[2025-08-09 15:40:19] [三島駅] 降水量 (15:35 JST): 0.0 mm/h
[2025-08-09 15:40:19] [三島駅] 異常なし
[2025-08-09 15:41:42] 監視停止中
[2025-08-09 15:57:52] 監視停止中
[2025-08-09 16:05:59] 監視停止中
[2025-08-09 16:06:59] 監視停止中
[2025-08-09 16:07:59] 監視停止中
[2025-08-09 16:08:59] 監視停止中
[2025-08-09 16:09:59] 監視停止中
[2025-08-09 16:10:59] 監視停止中
